#
# There is insufficient memory for the Java Runtime Environment to continue.
# Native memory allocation (mmap) failed to map 264241152 bytes for G1 virtual space
# Possible reasons:
#   The system is out of physical RAM or swap space
#   The process is running with CompressedOops enabled, and the Java Heap may be blocking the growth of the native heap
# Possible solutions:
#   Reduce memory load on the system
#   Increase physical memory or swap space
#   Check if swap backing store is full
#   Decrease Java heap size (-Xmx/-Xms)
#   Decrease number of Java threads
#   Decrease Java thread stack sizes (-Xss)
#   Set larger code cache with -XX:ReservedCodeCacheSize=
#   JVM is running with Zero Based Compressed Oops mode in which the Java heap is
#     placed in the first 32GB address space. The Java Heap base address is the
#     maximum limit for the native heap growth. Please use -XX:HeapBaseMinAddress
#     to set the Java Heap base and to place the Java Heap above 32GB virtual address.
# This output file may be truncated or incomplete.
#
#  Out of Memory Error (os_windows.cpp:3548), pid=13756, tid=5016
#
# JRE version:  (17.0.5+8) (build )
# Java VM: OpenJDK 64-Bit Server VM (17.0.5+8, mixed mode, sharing, tiered, compressed oops, compressed class ptrs, g1 gc, windows-amd64)
# No core dump will be written. Minidumps are not enabled by default on client versions of Windows
#

---------------  S U M M A R Y ------------

Command Line: --module-path=C:\Users\Admin\Documents\DesignPattern\dp.20222-05\lib\win\javafx-sdk-15\lib --add-modules=javafx.controls,javafx.fxml -Dfile.encoding=UTF-8 -XX:+ShowCodeDetailsInExceptionMessages App

Host: 11th Gen Intel(R) Core(TM) i7-1165G7 @ 2.80GHz, 8 cores, 15G,  Windows 11 , 64 bit Build 22621 (10.0.22621.1928)
Time: Sun Jul 16 14:04:15 2023 SE Asia Standard Time elapsed time: 0.008072 seconds (0d 0h 0m 0s)

---------------  T H R E A D  ---------------

Current thread (0x000001b0e65dd4e0):  JavaThread "Unknown thread" [_thread_in_vm, id=5016, stack(0x00000025fb300000,0x00000025fb400000)]

Stack: [0x00000025fb300000,0x00000025fb400000]
Native frames: (J=compiled Java code, j=interpreted, Vv=VM code, C=native code)
V  [jvm.dll+0x676b3a]
V  [jvm.dll+0x831444]
V  [jvm.dll+0x832bee]
V  [jvm.dll+0x833253]
V  [jvm.dll+0x244ce5]
V  [jvm.dll+0x673a49]
V  [jvm.dll+0x66811a]
V  [jvm.dll+0x303ceb]
V  [jvm.dll+0x30b1e6]
V  [jvm.dll+0x35adbe]
V  [jvm.dll+0x35afef]
V  [jvm.dll+0x2dab88]
V  [jvm.dll+0x2dbaf4]
V  [jvm.dll+0x803121]
V  [jvm.dll+0x368bb1]
V  [jvm.dll+0x7e265c]
V  [jvm.dll+0x3eb17f]
V  [jvm.dll+0x3eccc1]
C  [jli.dll+0x5267]
C  [ucrtbase.dll+0x29363]
C  [KERNEL32.DLL+0x126ad]
C  [ntdll.dll+0x5aa68]


---------------  P R O C E S S  ---------------

Threads class SMR info:
_java_thread_list=0x00007ff9e6b62f18, length=0, elements={
}

Java Threads: ( => current thread )

Other Threads:
  0x000001b0e664bbb0 GCTaskThread "GC Thread#0" [stack: 0x00000025fb400000,0x00000025fb500000] [id=14536]
  0x000001b0e665cfb0 ConcurrentGCThread "G1 Main Marker" [stack: 0x00000025fb500000,0x00000025fb600000] [id=15180]
  0x000001b0e665d9c0 ConcurrentGCThread "G1 Conc#0" [stack: 0x00000025fb600000,0x00000025fb700000] [id=15612]

[error occurred during error reporting (printing all threads), id 0xc0000005, EXCEPTION_ACCESS_VIOLATION (0xc0000005) at pc=0x00007ff9e633b617]

VM state: not at safepoint (not fully initialized)

VM Mutex/Monitor currently owned by a thread:  ([mutex/lock_event])
[0x000001b0e439cb50] Heap_lock - owner thread: 0x000001b0e65dd4e0

Heap address: 0x0000000704400000, size: 4028 MB, Compressed Oops mode: Zero based, Oop shift amount: 3

CDS archive(s) mapped at: [0x0000000000000000-0x0000000000000000-0x0000000000000000), size 0, SharedBaseAddress: 0x0000000800000000, ArchiveRelocationMode: 0.
Narrow klass base: 0x0000000000000000, Narrow klass shift: 0, Narrow klass range: 0x0

GC Precious Log:
<Empty>

Heap:
 garbage-first heap   total 0K, used 0K [0x0000000704400000, 0x0000000800000000)
  region size 2048K, 0 young (0K), 0 survivors (0K)

[error occurred during error reporting (printing heap information), id 0xc0000005, EXCEPTION_ACCESS_VIOLATION (0xc0000005) at pc=0x00007ff9e671fcb9]

GC Heap History (0 events):
No events

Dll operation events (1 events):
Event: 0.005 Loaded shared library D:\EclipseJav\eclipse\plugins\org.eclipse.justj.openjdk.hotspot.jre.full.win32.x86_64_17.0.5.v20221102-0933\jre\bin\java.dll

Deoptimization events (0 events):
No events

Classes unloaded (0 events):
No events

Classes redefined (0 events):
No events

Internal exceptions (0 events):
No events

VM Operations (0 events):
No events

Events (0 events):
No events


Dynamic libraries:
0x00007ff760650000 - 0x00007ff76065e000 	D:\EclipseJav\eclipse\plugins\org.eclipse.justj.openjdk.hotspot.jre.full.win32.x86_64_17.0.5.v20221102-0933\jre\bin\javaw.exe
0x00007ffaa3230000 - 0x00007ffaa3444000 	C:\WINDOWS\SYSTEM32\ntdll.dll
0x00007ffaa2650000 - 0x00007ffaa2712000 	C:\WINDOWS\System32\KERNEL32.DLL
0x00007ffaa0a00000 - 0x00007ffaa0da3000 	C:\WINDOWS\System32\KERNELBASE.dll
0x00007ffaa08e0000 - 0x00007ffaa09f1000 	C:\WINDOWS\System32\ucrtbase.dll
0x00007ffa89340000 - 0x00007ffa89359000 	D:\EclipseJav\eclipse\plugins\org.eclipse.justj.openjdk.hotspot.jre.full.win32.x86_64_17.0.5.v20221102-0933\jre\bin\VCRUNTIME140.dll
0x00007ffa89360000 - 0x00007ffa89377000 	D:\EclipseJav\eclipse\plugins\org.eclipse.justj.openjdk.hotspot.jre.full.win32.x86_64_17.0.5.v20221102-0933\jre\bin\jli.dll
0x00007ffaa21f0000 - 0x00007ffaa239a000 	C:\WINDOWS\System32\USER32.dll
0x00007ffaa0630000 - 0x00007ffaa0656000 	C:\WINDOWS\System32\win32u.dll
0x00007ffa82e50000 - 0x00007ffa830de000 	C:\WINDOWS\WinSxS\amd64_microsoft.windows.common-controls_6595b64144ccf1df_6.0.22621.1635_none_270f70857386168e\COMCTL32.dll
0x00007ffaa2030000 - 0x00007ffaa20d7000 	C:\WINDOWS\System32\msvcrt.dll
0x00007ffaa30a0000 - 0x00007ffaa30c9000 	C:\WINDOWS\System32\GDI32.dll
0x00007ffaa0660000 - 0x00007ffaa0779000 	C:\WINDOWS\System32\gdi32full.dll
0x00007ffaa0840000 - 0x00007ffaa08da000 	C:\WINDOWS\System32\msvcp_win.dll
0x00007ffaa21b0000 - 0x00007ffaa21e1000 	C:\WINDOWS\System32\IMM32.DLL
0x00007ffa932b0000 - 0x00007ffa932bc000 	D:\EclipseJav\eclipse\plugins\org.eclipse.justj.openjdk.hotspot.jre.full.win32.x86_64_17.0.5.v20221102-0933\jre\bin\vcruntime140_1.dll
0x00007ffa6ea00000 - 0x00007ffa6ea91000 	D:\EclipseJav\eclipse\plugins\org.eclipse.justj.openjdk.hotspot.jre.full.win32.x86_64_17.0.5.v20221102-0933\jre\bin\msvcp140.dll
0x00007ff9e6050000 - 0x00007ff9e6c94000 	D:\EclipseJav\eclipse\plugins\org.eclipse.justj.openjdk.hotspot.jre.full.win32.x86_64_17.0.5.v20221102-0933\jre\bin\server\jvm.dll
0x00007ffaa20f0000 - 0x00007ffaa219e000 	C:\WINDOWS\System32\ADVAPI32.dll
0x00007ffaa2720000 - 0x00007ffaa27c4000 	C:\WINDOWS\System32\sechost.dll
0x00007ffaa30d0000 - 0x00007ffaa31e7000 	C:\WINDOWS\System32\RPCRT4.dll
0x00007ffa5a680000 - 0x00007ffa5a689000 	C:\WINDOWS\SYSTEM32\WSOCK32.dll
0x00007ffa945a0000 - 0x00007ffa945d4000 	C:\WINDOWS\SYSTEM32\WINMM.dll
0x00007ffaa1010000 - 0x00007ffaa1081000 	C:\WINDOWS\System32\WS2_32.dll
0x00007ffa8e760000 - 0x00007ffa8e76a000 	C:\WINDOWS\SYSTEM32\VERSION.dll
0x00007ffa9f760000 - 0x00007ffa9f778000 	C:\WINDOWS\SYSTEM32\kernel.appcore.dll
0x00007ffa97b00000 - 0x00007ffa97b0a000 	D:\EclipseJav\eclipse\plugins\org.eclipse.justj.openjdk.hotspot.jre.full.win32.x86_64_17.0.5.v20221102-0933\jre\bin\jimage.dll
0x00007ffa9dfe0000 - 0x00007ffa9e20e000 	C:\WINDOWS\SYSTEM32\DBGHELP.DLL
0x00007ffaa14d0000 - 0x00007ffaa1859000 	C:\WINDOWS\System32\combase.dll
0x00007ffaa2470000 - 0x00007ffaa2547000 	C:\WINDOWS\System32\OLEAUT32.dll
0x00007ffa92bb0000 - 0x00007ffa92be2000 	C:\WINDOWS\SYSTEM32\dbgcore.DLL
0x00007ffaa0e20000 - 0x00007ffaa0e9a000 	C:\WINDOWS\System32\bcryptPrimitives.dll
0x00007ffa450e0000 - 0x00007ffa45105000 	D:\EclipseJav\eclipse\plugins\org.eclipse.justj.openjdk.hotspot.jre.full.win32.x86_64_17.0.5.v20221102-0933\jre\bin\java.dll

dbghelp: loaded successfully - version: 4.0.5 - missing functions: none
symbol engine: initialized successfully - sym options: 0x614 - pdb path: .;D:\EclipseJav\eclipse\plugins\org.eclipse.justj.openjdk.hotspot.jre.full.win32.x86_64_17.0.5.v20221102-0933\jre\bin;C:\WINDOWS\SYSTEM32;C:\WINDOWS\WinSxS\amd64_microsoft.windows.common-controls_6595b64144ccf1df_6.0.22621.1635_none_270f70857386168e;D:\EclipseJav\eclipse\plugins\org.eclipse.justj.openjdk.hotspot.jre.full.win32.x86_64_17.0.5.v20221102-0933\jre\bin\server

VM Arguments:
jvm_args: --module-path=C:\Users\Admin\Documents\DesignPattern\dp.20222-05\lib\win\javafx-sdk-15\lib --add-modules=javafx.controls,javafx.fxml -Dfile.encoding=UTF-8 -XX:+ShowCodeDetailsInExceptionMessages 
java_command: App
java_class_path (initial): C:\Users\Admin\Documents\DesignPattern\dp.20222-05\target\classes;D:\EclipseJav\eclipse\plugins\junit-jupiter-api_5.9.1.jar;D:\EclipseJav\eclipse\plugins\junit-jupiter-engine_5.9.1.jar;D:\EclipseJav\eclipse\plugins\junit-jupiter-migrationsupport_5.9.1.jar;D:\EclipseJav\eclipse\plugins\junit-jupiter-params_5.9.1.jar;D:\EclipseJav\eclipse\plugins\junit-platform-commons_1.9.1.jar;D:\EclipseJav\eclipse\plugins\junit-platform-engine_1.9.1.jar;D:\EclipseJav\eclipse\plugins\junit-platform-launcher_1.9.1.jar;D:\EclipseJav\eclipse\plugins\junit-platform-runner_1.9.1.jar;D:\EclipseJav\eclipse\plugins\junit-platform-suite-api_1.9.1.jar;D:\EclipseJav\eclipse\plugins\junit-platform-suite-engine_1.9.1.jar;D:\EclipseJav\eclipse\plugins\junit-platform-suite-commons_1.9.1.jar;D:\EclipseJav\eclipse\plugins\junit-vintage-engine_5.9.1.jar;D:\EclipseJav\eclipse\plugins\org.opentest4j_1.2.0.jar;D:\EclipseJav\eclipse\plugins\org.apiguardian.api_1.1.2.jar;D:\EclipseJav\eclipse\plugins\org.junit_4.13.2.v20211018-1956.jar;D:\EclipseJav\eclipse\plugins\org.hamcrest.core_1.3.0.v20180420-1519.jar;C:\Users\Admin\Documents\DesignPattern\dp.20222-05\lib\sqlite-jdbc-3.7.2.jar;C:\Users\Admin\Documents\DesignPattern\dp.20222-05\lib\linux\javafx-sdk-15\lib\javafx.base.jar;C:\Users\Admin\Documents\DesignPattern\dp.20222-05\lib\linux\javafx-sdk-15\lib\javafx.controls.jar;C:\Users\Admin\Documents\DesignPattern\dp.20222-05\lib\linux\javafx-sdk-15\lib\javafx.fxml.jar;C:\Users\Admin\Documents\DesignPattern\dp.20222-05\lib\linux\javafx-sdk-15\lib\javafx.graphics.jar;C:\Users\Admin\Documents\DesignPattern\dp.20222-05\lib\linux\javafx-sdk-15\lib\javafx.media.jar;C:\Users\Admin\Documents\DesignPattern\dp.20222-05\lib\linux\javafx-sdk-15\lib\javafx.swing.jar;C:\Users\Admin\Documents\DesignPattern\dp.20222-05\lib\linux\javafx-sdk-15\lib\javafx.web.jar;C:\Users\Admin\Documents\DesignPattern\dp.20222-05\lib\linux\javafx-sdk-15\lib\javafx-swt.jar;C:\Users\Admin\Documents\DesignPattern\dp
Launcher Type: SUN_STANDARD

[Global flags]
     intx CICompilerCount                          = 4                                         {product} {ergonomic}
     uint ConcGCThreads                            = 2                                         {product} {ergonomic}
     uint G1ConcRefinementThreads                  = 8                                         {product} {ergonomic}
   size_t G1HeapRegionSize                         = 2097152                                   {product} {ergonomic}
    uintx GCDrainStackTargetSize                   = 64                                        {product} {ergonomic}
   size_t InitialHeapSize                          = 264241152                                 {product} {ergonomic}
   size_t MarkStackSize                            = 4194304                                   {product} {ergonomic}
   size_t MaxHeapSize                              = 4223664128                                {product} {ergonomic}
   size_t MinHeapDeltaBytes                        = 2097152                                   {product} {ergonomic}
   size_t MinHeapSize                              = 8388608                                   {product} {ergonomic}
    uintx NonNMethodCodeHeapSize                   = 5839372                                {pd product} {ergonomic}
    uintx NonProfiledCodeHeapSize                  = 122909434                              {pd product} {ergonomic}
    uintx ProfiledCodeHeapSize                     = 122909434                              {pd product} {ergonomic}
    uintx ReservedCodeCacheSize                    = 251658240                              {pd product} {ergonomic}
     bool SegmentedCodeCache                       = true                                      {product} {ergonomic}
     bool ShowCodeDetailsInExceptionMessages       = true                                   {manageable} {command line}
   size_t SoftMaxHeapSize                          = 4223664128                             {manageable} {ergonomic}
     bool UseCompressedClassPointers               = true                           {product lp64_product} {ergonomic}
     bool UseCompressedOops                        = true                           {product lp64_product} {ergonomic}
     bool UseG1GC                                  = true                                      {product} {ergonomic}
     bool UseLargePagesIndividualAllocation        = false                                  {pd product} {ergonomic}

Logging:
Log output configuration:
 #0: stdout all=warning uptime,level,tags
 #1: stderr all=off uptime,level,tags

Environment Variables:
JAVA_HOME=C:\java\jdk1.8.0_202\bin
PATH=D:/EclipseJav/eclipse//plugins/org.eclipse.justj.openjdk.hotspot.jre.full.win32.x86_64_17.0.5.v20221102-0933/jre/bin/server;D:/EclipseJav/eclipse//plugins/org.eclipse.justj.openjdk.hotspot.jre.full.win32.x86_64_17.0.5.v20221102-0933/jre/bin;C:\Program Files (x86)\Common Files\Oracle\Java\javapath;C:\Program Files\Common Files\Oracle\Java\javapath;C:\Windows\system32;C:\Windows;C:\Windows\System32\Wbem;C:\Windows\System32\WindowsPowerShell\v1.0\;C:\Windows\System32\OpenSSH\;C:\Program Files\NVIDIA Corporation\NVIDIA NvDLISR;C:\Program Files (x86)\NVIDIA Corporation\PhysX\Common;D:\Nodejs\;C:\Program Files\Microsoft SQL Server\Client SDK\ODBC\170\Tools\Binn\;C:\Program Files (x86)\Microsoft SQL Server\150\Tools\Binn\;C:\Program Files\Microsoft SQL Server\150\Tools\Binn\;C:\Program Files\Microsoft SQL Server\150\DTS\Binn\;C:\Program Files (x86)\Microsoft SQL Server\150\DTS\Binn\;C:\Program Files\Azure Data Studio\bin;C:\WINDOWS\system32;C:\WINDOWS;C:\WINDOWS\System32\Wbem;C:\WINDOWS\System32\WindowsPowerShell\v1.0\;C:\WINDOWS\System32\OpenSSH\;C:\Program Files\Git\cmd;C:\java\jdk1.8.0_202\bin;C:\Program Files\dotnet\;C:\hadoop-3.3.5\hadoop-3.3.5\bin;C:\hadoop-3.3.5\hadoop-3.3.5\sbin;C:\Users\Admin\AppData\Local\Programs\Python\Python310\Scripts\;C:\Users\Admin\AppData\Local\Programs\Python\Python310\;C:\Users\Admin\AppData\Local\Microsoft\WindowsApps;C:\Program Files\JetBrains\IntelliJ IDEA 2019.2.4\bin;;C:\Program Files\JetBrains\IntelliJ IDEA Community Edition 2019.2.4\bin;;C:\Users\Admin\AppData\Roaming\npm;D:\PyCharm\PyCharm Community Edition 2021.2.2\bin;;D:\Visual Code\Microsoft VS Code\bin;C:\Users\Admin\AppData\Local\GitHubDesktop\bin;C:\Program Files\Azure Data Studio\bin;C:\Users\Admin\.dotnet\tools;D:\EclipseJav\eclipse;
USERNAME=Admin
OS=Windows_NT
PROCESSOR_IDENTIFIER=Intel64 Family 6 Model 140 Stepping 1, GenuineIntel
TMP=C:\Users\Admin\AppData\Local\Temp
TEMP=C:\Users\Admin\AppData\Local\Temp



---------------  S Y S T E M  ---------------

OS:
 Windows 11 , 64 bit Build 22621 (10.0.22621.1928)
OS uptime: 0 days 1:33 hours

CPU: total 8 (initial active 8) (4 cores per cpu, 2 threads per core) family 6 model 140 stepping 1 microcode 0xa4, cx8, cmov, fxsr, ht, mmx, 3dnowpref, sse, sse2, sse3, ssse3, sse4.1, sse4.2, popcnt, lzcnt, tsc, tscinvbit, avx, avx2, aes, erms, clmul, bmi1, bmi2, adx, avx512f, avx512dq, avx512cd, avx512bw, avx512vl, sha, fma, vzeroupper, avx512_vpopcntdq, avx512_vpclmulqdq, avx512_vaes, avx512_vnni, clflush, clflushopt, clwb, avx512_vbmi2, avx512_vbmi

Memory: 4k page, system-wide physical 16106M (4954M free)
TotalPageFile size 18612M (AvailPageFile size 132M)
current process WorkingSet (physical memory assigned to process): 11M, peak: 11M
current process commit charge ("private bytes"): 60M, peak: 312M

vm_info: OpenJDK 64-Bit Server VM (17.0.5+8) for windows-amd64 JRE (17.0.5+8), built on Oct 19 2022 04:48:13 by "temurin" with MS VC++ 16.7 (VS2019)

END.
